  matrice_dinamica_2_redo.c
C:\Users\paulb\source\repos\matrice_dinamica_2_redo\matrice_dinamica_2_redo\matrice_dinamica_2_redo.c(16,39): warning C4047: '=': 'char *' differs in levels of indirection from 'int'
C:\Users\paulb\source\repos\matrice_dinamica_2_redo\matrice_dinamica_2_redo\matrice_dinamica_2_redo.c(20,23): warning C4477: 'scanf' : format string '%c' requires an argument of type 'char *', but variadic argument 1 has type 'char **'
C:\Users\paulb\source\repos\matrice_dinamica_2_redo\matrice_dinamica_2_redo\matrice_dinamica_2_redo.c(22,21): warning C4047: '>=': 'char *' differs in levels of indirection from 'int'
C:\Users\paulb\source\repos\matrice_dinamica_2_redo\matrice_dinamica_2_redo\matrice_dinamica_2_redo.c(22,21): warning C4047: '<=': 'char *' differs in levels of indirection from 'int'
C:\Users\paulb\source\repos\matrice_dinamica_2_redo\matrice_dinamica_2_redo\matrice_dinamica_2_redo.c(27,25): warning C4047: '>=': 'char *' differs in levels of indirection from 'int'
C:\Users\paulb\source\repos\matrice_dinamica_2_redo\matrice_dinamica_2_redo\matrice_dinamica_2_redo.c(27,25): warning C4047: '<=': 'char *' differs in levels of indirection from 'int'
C:\Users\paulb\source\repos\matrice_dinamica_2_redo\matrice_dinamica_2_redo\matrice_dinamica_2_redo.c(43,20): warning C4477: 'printf' : format string '%c' requires an argument of type 'int', but variadic argument 1 has type 'char *'
C:\Users\paulb\source\repos\matrice_dinamica_2_redo\matrice_dinamica_2_redo\matrice_dinamica_2_redo.c(43,20): warning C4313: 'printf': '%c' in format string conflicts with argument 1 of type 'char *'
C:\Users\paulb\source\repos\matrice_dinamica_2_redo\matrice_dinamica_2_redo\matrice_dinamica_2_redo.c(58,24): warning C4477: 'printf' : format string '%c' requires an argument of type 'int', but variadic argument 1 has type 'char *'
C:\Users\paulb\source\repos\matrice_dinamica_2_redo\matrice_dinamica_2_redo\matrice_dinamica_2_redo.c(58,24): warning C4313: 'printf': '%c' in format string conflicts with argument 1 of type 'char *'
C:\Users\paulb\source\repos\matrice_dinamica_2_redo\matrice_dinamica_2_redo\matrice_dinamica_2_redo.c(67,40): warning C4047: '=': 'char' differs in levels of indirection from 'char *'
C:\Users\paulb\source\repos\matrice_dinamica_2_redo\matrice_dinamica_2_redo\matrice_dinamica_2_redo.c(105,27): warning C4047: '=': 'char *' differs in levels of indirection from 'char'
C:\Users\paulb\source\repos\matrice_dinamica_2_redo\matrice_dinamica_2_redo\matrice_dinamica_2_redo.c(106,31): warning C4047: '=': 'char *' differs in levels of indirection from 'char'
C:\Users\paulb\source\repos\matrice_dinamica_2_redo\matrice_dinamica_2_redo\matrice_dinamica_2_redo.c(107,33): warning C4047: '=': 'char *' differs in levels of indirection from 'char'
C:\Users\paulb\source\repos\matrice_dinamica_2_redo\matrice_dinamica_2_redo\matrice_dinamica_2_redo.c(108,39): warning C4047: '=': 'char *' differs in levels of indirection from 'char'
C:\Users\paulb\source\repos\matrice_dinamica_2_redo\matrice_dinamica_2_redo\matrice_dinamica_2_redo.c(110,12): warning C4477: 'printf' : format string '%c' requires an argument of type 'int', but variadic argument 1 has type 'char *'
C:\Users\paulb\source\repos\matrice_dinamica_2_redo\matrice_dinamica_2_redo\matrice_dinamica_2_redo.c(110,12): warning C4313: 'printf': '%c' in format string conflicts with argument 1 of type 'char *'
C:\Users\paulb\source\repos\matrice_dinamica_2_redo\matrice_dinamica_2_redo\matrice_dinamica_2_redo.c(111,12): warning C4477: 'printf' : format string '%c' requires an argument of type 'int', but variadic argument 1 has type 'char *'
C:\Users\paulb\source\repos\matrice_dinamica_2_redo\matrice_dinamica_2_redo\matrice_dinamica_2_redo.c(111,12): warning C4313: 'printf': '%c' in format string conflicts with argument 1 of type 'char *'
C:\Users\paulb\source\repos\matrice_dinamica_2_redo\matrice_dinamica_2_redo\matrice_dinamica_2_redo.c(112,12): warning C4477: 'printf' : format string '%c' requires an argument of type 'int', but variadic argument 1 has type 'char *'
C:\Users\paulb\source\repos\matrice_dinamica_2_redo\matrice_dinamica_2_redo\matrice_dinamica_2_redo.c(112,12): warning C4313: 'printf': '%c' in format string conflicts with argument 1 of type 'char *'
C:\Users\paulb\source\repos\matrice_dinamica_2_redo\matrice_dinamica_2_redo\matrice_dinamica_2_redo.c(113,12): warning C4477: 'printf' : format string '%c' requires an argument of type 'int', but variadic argument 1 has type 'char *'
C:\Users\paulb\source\repos\matrice_dinamica_2_redo\matrice_dinamica_2_redo\matrice_dinamica_2_redo.c(113,12): warning C4313: 'printf': '%c' in format string conflicts with argument 1 of type 'char *'
C:\Users\paulb\source\repos\matrice_dinamica_2_redo\matrice_dinamica_2_redo\matrice_dinamica_2_redo.c(120,20): warning C4477: 'printf' : format string '%c' requires an argument of type 'int', but variadic argument 1 has type 'char *'
C:\Users\paulb\source\repos\matrice_dinamica_2_redo\matrice_dinamica_2_redo\matrice_dinamica_2_redo.c(120,20): warning C4313: 'printf': '%c' in format string conflicts with argument 1 of type 'char *'
C:\Users\paulb\source\repos\matrice_dinamica_2_redo\matrice_dinamica_2_redo\matrice_dinamica_2_redo.c(148,16): warning C4566: character represented by universal-character-name '\u0219' cannot be represented in the current code page (1252)
  matrice_dinamica_2_redo.vcxproj -> C:\Users\paulb\source\repos\matrice_dinamica_2_redo\x64\Debug\matrice_dinamica_2_redo.exe
